<?xml version="1.0" encoding="UTF-8" ?>
<testsuite tests="5" failures="0" name="com.guilherme.marfeel.business.MarfeelizableTest" time="0.701" errors="0" skipped="0">
  <properties>
[...]
</properties>
  <testcase classname="com.guilherme.marfeel.business.MarfeelizableTest" name="testEmptyTitle" time="0.7"/>
  <testcase classname="com.guilherme.marfeel.business.MarfeelizableTest" name="testIsMarfeelizableSpanish" time="0"/>
  <testcase classname="com.guilherme.marfeel.business.MarfeelizableTest" name="testIsMarfeelizableEnglish" time="0"/>
  <testcase classname="com.guilherme.marfeel.business.MarfeelizableTest" name="testIsMarfeelizableLowerCase" time="0"/>
  <testcase classname="com.guilherme.marfeel.business.MarfeelizableTest" name="testIsNotMarfeelizable" time="0.001"/>
</testsuite>